<?xml version="1.0" encoding="UTF-8"?>
<!-- Generated by org.testng.reporters.JUnitReportReporter -->
<testsuite hostname="DESKTOP-7J8M9JT" failures="0" tests="7" name="DemoQa.DemoQa.AlertFrameswindows" time="0.002" errors="0" timestamp="2023-12-15T18:16:07 IST" skipped="7">
  <testcase classname="DemoQa.DemoQa.AlertFrameswindows" name="elements" time="0.000">
    <skipped/>
  </testcase> <!-- elements -->
  <testcase classname="DemoQa.DemoQa.AlertFrameswindows" name="alertFramesandWindows" time="0.000">
    <skipped/>
  </testcase> <!-- alertFramesandWindows -->
  <testcase classname="DemoQa.DemoQa.AlertFrameswindows" name="broweserWindows" time="0.001">
    <skipped/>
  </testcase> <!-- broweserWindows -->
  <testcase classname="DemoQa.DemoQa.AlertFrameswindows" name="alerts" time="0.000">
    <skipped/>
  </testcase> <!-- alerts -->
  <testcase classname="DemoQa.DemoQa.AlertFrameswindows" name="frames" time="0.001">
    <skipped/>
  </testcase> <!-- frames -->
  <testcase classname="DemoQa.DemoQa.AlertFrameswindows" name="nestedFrames" time="0.000">
    <skipped/>
  </testcase> <!-- nestedFrames -->
  <testcase classname="DemoQa.DemoQa.AlertFrameswindows" name="modalDialogs" time="0.000">
    <skipped/>
  </testcase> <!-- modalDialogs -->
</testsuite> <!-- DemoQa.DemoQa.AlertFrameswindows -->
