<?xml version="1.0" encoding="UTF-8"?>
<!-- Generated by org.testng.reporters.JUnitReportReporter -->
<testsuite hostname="DESKTOP-7J8M9JT" failures="0" tests="1" name="DemoQa.DemoQa.NewTest1" time="3.687" errors="0" timestamp="2023-12-07T12:36:57 IST" skipped="0">
  <testcase classname="DemoQa.DemoQa.NewTest1" name="dragebble" time="3.687"/>
</testsuite> <!-- DemoQa.DemoQa.NewTest1 -->
