<?xml version="1.0" encoding="UTF-8"?>
<!-- Generated by org.testng.reporters.JUnitReportReporter -->
<testsuite hostname="DESKTOP-7J8M9JT" failures="0" tests="7" name="DemoQa.DemoQa.Interactions" time="0.000" errors="0" timestamp="2023-12-15T18:16:07 IST" skipped="7">
  <testcase classname="DemoQa.DemoQa.Interactions" name="elements" time="0.000">
    <skipped/>
  </testcase> <!-- elements -->
  <testcase classname="DemoQa.DemoQa.Interactions" name="interaction" time="0.000">
    <skipped/>
  </testcase> <!-- interaction -->
  <testcase classname="DemoQa.DemoQa.Interactions" name="sortable" time="0.000">
    <skipped/>
  </testcase> <!-- sortable -->
  <testcase classname="DemoQa.DemoQa.Interactions" name="selectable" time="0.000">
    <skipped/>
  </testcase> <!-- selectable -->
  <testcase classname="DemoQa.DemoQa.Interactions" name="resizable" time="0.000">
    <skipped/>
  </testcase> <!-- resizable -->
  <testcase classname="DemoQa.DemoQa.Interactions" name="droppable" time="0.000">
    <skipped/>
  </testcase> <!-- droppable -->
  <testcase classname="DemoQa.DemoQa.Interactions" name="dragebble" time="0.000">
    <skipped/>
  </testcase> <!-- dragebble -->
</testsuite> <!-- DemoQa.DemoQa.Interactions -->
