<?xml version="1.0" encoding="UTF-8"?>
<!-- Generated by org.testng.reporters.JUnitReportReporter -->
<testsuite hostname="DESKTOP-7J8M9JT" failures="0" tests="3" name="DemoQa.DemoQa.Forms" time="0.000" errors="0" timestamp="2023-12-15T18:16:07 IST" skipped="3">
  <testcase classname="DemoQa.DemoQa.Forms" name="elements" time="0.000">
    <skipped/>
  </testcase> <!-- elements -->
  <testcase classname="DemoQa.DemoQa.Forms" name="forms" time="0.000">
    <skipped/>
  </testcase> <!-- forms -->
  <testcase classname="DemoQa.DemoQa.Forms" name="PracticeForm" time="0.000">
    <skipped/>
  </testcase> <!-- PracticeForm -->
</testsuite> <!-- DemoQa.DemoQa.Forms -->
