<?xml version="1.0" encoding="UTF-8"?>
<!-- Generated by org.testng.reporters.JUnitReportReporter -->
<testsuite hostname="DESKTOP-7J8M9JT" failures="0" tests="11" name="DemoQa.DemoQa.Widgets" time="0.000" errors="0" timestamp="2023-12-15T18:16:07 IST" skipped="11">
  <testcase classname="DemoQa.DemoQa.Widgets" name="elements" time="0.000">
    <skipped/>
  </testcase> <!-- elements -->
  <testcase classname="DemoQa.DemoQa.Widgets" name="widgets2" time="0.000">
    <skipped/>
  </testcase> <!-- widgets2 -->
  <testcase classname="DemoQa.DemoQa.Widgets" name="Accordian" time="0.000">
    <skipped/>
  </testcase> <!-- Accordian -->
  <testcase classname="DemoQa.DemoQa.Widgets" name="autoComplete" time="0.000">
    <skipped/>
  </testcase> <!-- autoComplete -->
  <testcase classname="DemoQa.DemoQa.Widgets" name="datePicker" time="0.000">
    <skipped/>
  </testcase> <!-- datePicker -->
  <testcase classname="DemoQa.DemoQa.Widgets" name="slider" time="0.000">
    <skipped/>
  </testcase> <!-- slider -->
  <testcase classname="DemoQa.DemoQa.Widgets" name="progressBar" time="0.000">
    <skipped/>
  </testcase> <!-- progressBar -->
  <testcase classname="DemoQa.DemoQa.Widgets" name="tabs" time="0.000">
    <skipped/>
  </testcase> <!-- tabs -->
  <testcase classname="DemoQa.DemoQa.Widgets" name="toolTips" time="0.000">
    <skipped/>
  </testcase> <!-- toolTips -->
  <testcase classname="DemoQa.DemoQa.Widgets" name="selectMenu" time="0.000">
    <skipped/>
  </testcase> <!-- selectMenu -->
  <testcase classname="DemoQa.DemoQa.Widgets" name="menu" time="0.000">
    <skipped/>
  </testcase> <!-- menu -->
</testsuite> <!-- DemoQa.DemoQa.Widgets -->
